<?xml version="1.0" encoding="UTF-8"?>
<testng-results skipped="0" failed="0" ignored="0" total="1" passed="1">
  <reporter-output>
  </reporter-output>
  <suite name="All Test Suite" duration-ms="86084" started-at="2020-05-21T15:21:44 IST" finished-at="2020-05-21T15:23:10 IST">
    <groups>
      <group name="cucumber">
        <method signature="TestRunner.feature(cucumber.api.testng.CucumberFeatureWrapper)[pri:0, instance:runner.TestRunner@704d6e83]" name="feature" class="runner.TestRunner"/>
      </group> <!-- cucumber -->
    </groups>
    <test name="Login Profile Test" duration-ms="86084" started-at="2020-05-21T15:21:44 IST" finished-at="2020-05-21T15:23:10 IST">
      <class name="runner.TestRunner">
        <test-method status="PASS" signature="setUpClass()[pri:0, instance:runner.TestRunner@704d6e83]" name="setUpClass" is-config="true" duration-ms="718" started-at="2020-05-21T15:21:44 IST" finished-at="2020-05-21T15:21:45 IST">
          <reporter-output>
          </reporter-output>
        </test-method> <!-- setUpClass -->
        <test-method status="PASS" signature="feature(cucumber.api.testng.CucumberFeatureWrapper)[pri:0, instance:runner.TestRunner@704d6e83]" name="feature" duration-ms="83618" started-at="2020-05-21T15:21:45 IST" description="Runs Cucumber Feature" data-provider="features" finished-at="2020-05-21T15:23:08 IST">
          <params>
            <param index="0">
              <value>
                <![CDATA[Login Feature]]>
              </value>
            </param>
          </params>
          <reporter-output>
          </reporter-output>
        </test-method> <!-- feature -->
        <test-method status="PASS" signature="tearDownClass()[pri:0, instance:runner.TestRunner@704d6e83]" name="tearDownClass" is-config="true" duration-ms="1357" started-at="2020-05-21T15:23:08 IST" finished-at="2020-05-21T15:23:10 IST">
          <reporter-output>
          </reporter-output>
        </test-method> <!-- tearDownClass -->
      </class> <!-- runner.TestRunner -->
    </test> <!-- Login Profile Test -->
  </suite> <!-- All Test Suite -->
</testng-results>
