<?xml version="1.0" encoding="UTF-8"?>
<!-- Generated by org.testng.reporters.JUnitXMLReporter -->
<testsuite hostname="LAPTOP-IOVO5AK9" ignored="0" name="Surefire test" tests="3" failures="3" timestamp="2020-05-20T12:13:31 IST" time="26.909" errors="0">
  <testcase name="testLoginJasmine" time="0.056" classname="com.enquero.webapp.driscolls.tests.TestLoginPage">
    <failure type="java.lang.NullPointerException">
      <![CDATA[java.lang.NullPointerException
at com.enquero.webapp.driscolls.tests.TestLoginPage.testLoginJasmine(TestLoginPage.java:68)
at java.util.ArrayList.forEach(ArrayList.java:1257)
... Removed 32 stack frames]]>
    </failure>
  </testcase> <!-- testLoginJasmine -->
  <testcase name="testLoginJavascript" time="12.287" classname="com.enquero.webapp.driscolls.tests.TestLoginPage">
    <failure type="java.lang.NullPointerException">
      <![CDATA[java.lang.NullPointerException
at com.enquero.webapp.driscolls.tests.TestLoginPage.testLoginJavascript(TestLoginPage.java:54)
at java.util.ArrayList.forEach(ArrayList.java:1257)
... Removed 32 stack frames]]>
    </failure>
  </testcase> <!-- testLoginJavascript -->
  <testcase name="testLoginSelenium" time="4.443" classname="com.enquero.webapp.driscolls.tests.TestLoginPage">
    <failure type="java.lang.NullPointerException">
      <![CDATA[java.lang.NullPointerException
at com.enquero.webapp.driscolls.tests.TestLoginPage.testLoginSelenium(TestLoginPage.java:92)
at java.util.ArrayList.forEach(ArrayList.java:1257)
... Removed 32 stack frames]]>
    </failure>
  </testcase> <!-- testLoginSelenium -->
</testsuite> <!-- Surefire test -->
