-------------------------------------------------------------------------------
Test set: TestSuite
-------------------------------------------------------------------------------
Tests run: 2, Failures: 1, Errors: 0, Skipped: 0, Time elapsed: 21.671 s <<< FAILURE! - in TestSuite
testLoginFacebook(com.enquero.webapp.driscolls.tests.TestLoginPage)  Time elapsed: 5.784 s  <<< FAILURE!
java.lang.AssertionError: did not expect to find [true] but found [false]
	at com.enquero.webapp.driscolls.tests.TestLoginPage.testLoginFacebook(TestLoginPage.java:75)

