<?xml version="1.0" encoding="UTF-8"?>
<testsuite xmlns:xsi="http://www.w3.org/2001/XMLSchema-instance" xsi:noNamespaceSchemaLocation="https://maven.apache.org/surefire/maven-surefire-plugin/xsd/surefire-test-report.xsd" name="TestSuite" time="28.433" tests="3" errors="0" skipped="0" failures="3">
  <properties>
[...]
</properties>
  <testcase name="testLoginJasmine" classname="com.enquero.webapp.driscolls.tests.TestLoginPage" time="0.066">
    <failure type="java.lang.NullPointerException">java.lang.NullPointerException
	at com.enquero.webapp.driscolls.tests.TestLoginPage.testLoginJasmine(TestLoginPage.java:68)
</failure>
    <system-out><![CDATA[Directory already exists: C:\Users\SwatiChetty\TestAutomationFramework\reporter\src\main\java\com\enquero\Testlogs
logfilepath: C:\Users\SwatiChetty\TestAutomationFramework\reporter\src\main\java\com\enquero\Testlogs\log4j.properties
2020-05-20 12:13:12 INFO  TestLoginPage:41 - main ************* Execution Started *************
data path is C:\Users\SwatiChetty\TestAutomationFramework\TestExecutor\src\main\resources\testData.xlsx
2020-05-20 12:13:13 INFO  TestLoginPage:67 - main Testloginjasmine Test case started
]]></system-out>
    <system-err><![CDATA[SLF4J: Failed to load class "org.slf4j.impl.StaticLoggerBinder".
SLF4J: Defaulting to no-operation (NOP) logger implementation
SLF4J: See http://www.slf4j.org/codes.html#StaticLoggerBinder for further details.
Starting ChromeDriver 81.0.4044.69 (6813546031a4bc83f717a2ef7cd4ac6ec1199132-refs/branch-heads/4044@{#776}) on port 23735
Only local connections are allowed.
Please protect ports used by ChromeDriver and related test frameworks to prevent access by malicious code.
May 20, 2020 12:13:10 PM org.openqa.selenium.remote.ProtocolHandshake createSession
INFO: Detected dialect: W3C
]]></system-err>
  </testcase>
  <testcase name="testLoginJavascript" classname="com.enquero.webapp.driscolls.tests.TestLoginPage" time="12.288">
    <failure type="java.lang.NullPointerException">java.lang.NullPointerException
	at com.enquero.webapp.driscolls.tests.TestLoginPage.testLoginJavascript(TestLoginPage.java:54)
</failure>
    <system-out><![CDATA[2020-05-20 12:13:13 INFO  TestLoginPage:49 - main Javascript tc started
{"password":"123456","username":"SwatiChetty"}
{"textToValidate":"Welcome Vivek!!"}
2020-05-20 12:13:26 INFO  TestLoginPage:53 - main Validation successfull for First tc
]]></system-out>
    <system-err><![CDATA[[1589956994.778][SEVERE]: Timed out receiving message from renderer: 0.100
[1589956994.880][SEVERE]: Timed out receiving message from renderer: 0.100
[1589956994.981][SEVERE]: Timed out receiving message from renderer: 0.100
[1589956995.084][SEVERE]: Timed out receiving message from renderer: 0.100
[1589956995.185][SEVERE]: Timed out receiving message from renderer: 0.100
[1589956995.287][SEVERE]: Timed out receiving message from renderer: 0.100
[1589956995.388][SEVERE]: Timed out receiving message from renderer: 0.100
[1589956995.489][SEVERE]: Timed out receiving message from renderer: 0.100
[1589956995.590][SEVERE]: Timed out receiving message from renderer: 0.100
[1589956995.691][SEVERE]: Timed out receiving message from renderer: 0.100
[1589956995.793][SEVERE]: Timed out receiving message from renderer: 0.100
[1589956995.895][SEVERE]: Timed out receiving message from renderer: 0.100
[1589956996.196][SEVERE]: Timed out receiving message from renderer: 0.100
[1589956996.306][SEVERE]: Timed out receiving message from renderer: 0.100
[1589956996.407][SEVERE]: Timed out receiving message from renderer: 0.100
[1589956996.508][SEVERE]: Timed out receiving message from renderer: 0.100
[1589956996.609][SEVERE]: Timed out receiving message from renderer: 0.100
[1589956996.712][SEVERE]: Timed out receiving message from renderer: 0.100
[1589956996.813][SEVERE]: Timed out receiving message from renderer: 0.100
[1589956996.914][SEVERE]: Timed out receiving message from renderer: 0.100
[1589956997.015][SEVERE]: Timed out receiving message from renderer: 0.100
[1589956997.118][SEVERE]: Timed out receiving message from renderer: 0.100
[1589956997.219][SEVERE]: Timed out receiving message from renderer: 0.100
[1589956997.321][SEVERE]: Timed out receiving message from renderer: 0.100
[1589956997.424][SEVERE]: Timed out receiving message from renderer: 0.100
[1589956997.542][SEVERE]: Timed out receiving message from renderer: 0.100
[1589956997.645][SEVERE]: Timed out receiving message from renderer: 0.100
[1589956997.754][SEVERE]: Timed out receiving message from renderer: 0.100
[1589956997.866][SEVERE]: Timed out receiving message from renderer: 0.100
[1589956997.989][SEVERE]: Timed out receiving message from renderer: 0.100
[1589956998.126][SEVERE]: Timed out receiving message from renderer: 0.100
[1589956998.230][SEVERE]: Timed out receiving message from renderer: 0.100
[1589956998.343][SEVERE]: Timed out receiving message from renderer: 0.100
[1589956998.454][SEVERE]: Timed out receiving message from renderer: 0.100
[1589956998.559][SEVERE]: Timed out receiving message from renderer: 0.100
[1589956998.662][SEVERE]: Timed out receiving message from renderer: 0.100
[1589956998.764][SEVERE]: Timed out receiving message from renderer: 0.100
[1589956998.870][SEVERE]: Timed out receiving message from renderer: 0.100
[1589956998.982][SEVERE]: Timed out receiving message from renderer: 0.100
[1589956999.084][SEVERE]: Timed out receiving message from renderer: 0.100
[1589956999.188][SEVERE]: Timed out receiving message from renderer: 0.100
[1589956999.291][SEVERE]: Timed out receiving message from renderer: 0.100
[1589956999.392][SEVERE]: Timed out receiving message from renderer: 0.100
[1589956999.494][SEVERE]: Timed out receiving message from renderer: 0.100
[1589956999.595][SEVERE]: Timed out receiving message from renderer: 0.100
[1589956999.697][SEVERE]: Timed out receiving message from renderer: 0.100
[1589956999.798][SEVERE]: Timed out receiving message from renderer: 0.100
[1589956999.900][SEVERE]: Timed out receiving message from renderer: 0.100
[1589957000.001][SEVERE]: Timed out receiving message from renderer: 0.100
[1589957000.221][SEVERE]: Timed out receiving message from renderer: 0.100
[1589957000.454][SEVERE]: Timed out receiving message from renderer: 0.100
[1589957000.556][SEVERE]: Timed out receiving message from renderer: 0.100
[1589957000.657][SEVERE]: Timed out receiving message from renderer: 0.100
[1589957000.759][SEVERE]: Timed out receiving message from renderer: 0.100
[1589957000.861][SEVERE]: Timed out receiving message from renderer: 0.100
[1589957000.963][SEVERE]: Timed out receiving message from renderer: 0.100
[1589957001.064][SEVERE]: Timed out receiving message from renderer: 0.100
[1589957001.165][SEVERE]: Timed out receiving message from renderer: 0.100
[1589957001.266][SEVERE]: Timed out receiving message from renderer: 0.100
[1589957001.558][SEVERE]: Timed out receiving message from renderer: 0.100
[1589957001.659][SEVERE]: Timed out receiving message from renderer: 0.100
[1589957001.783][SEVERE]: Timed out receiving message from renderer: 0.100
[1589957001.885][SEVERE]: Timed out receiving message from renderer: 0.100
[1589957001.985][SEVERE]: Timed out receiving message from renderer: 0.100
[1589957002.087][SEVERE]: Timed out receiving message from renderer: 0.100
[1589957002.188][SEVERE]: Timed out receiving message from renderer: 0.100
[1589957002.292][SEVERE]: Timed out receiving message from renderer: 0.100
[1589957002.409][SEVERE]: Timed out receiving message from renderer: 0.100
[1589957002.512][SEVERE]: Timed out receiving message from renderer: 0.100
[1589957002.614][SEVERE]: Timed out receiving message from renderer: 0.100
[1589957002.716][SEVERE]: Timed out receiving message from renderer: 0.100
[1589957002.818][SEVERE]: Timed out receiving message from renderer: 0.100
[1589957002.920][SEVERE]: Timed out receiving message from renderer: 0.100
[1589957003.122][SEVERE]: Timed out receiving message from renderer: 0.100
[1589957003.223][SEVERE]: Timed out receiving message from renderer: 0.100
[1589957003.324][SEVERE]: Timed out receiving message from renderer: 0.100
[1589957003.425][SEVERE]: Timed out receiving message from renderer: 0.100
[1589957003.526][SEVERE]: Timed out receiving message from renderer: 0.100
[1589957003.627][SEVERE]: Timed out receiving message from renderer: 0.100
[1589957003.729][SEVERE]: Timed out receiving message from renderer: 0.100
[1589957003.835][SEVERE]: Timed out receiving message from renderer: 0.100
[1589957003.936][SEVERE]: Timed out receiving message from renderer: 0.100
[1589957004.039][SEVERE]: Timed out receiving message from renderer: 0.100
[1589957004.143][SEVERE]: Timed out receiving message from renderer: 0.100
[1589957004.245][SEVERE]: Timed out receiving message from renderer: 0.100
[1589957004.347][SEVERE]: Timed out receiving message from renderer: 0.100
[1589957004.449][SEVERE]: Timed out receiving message from renderer: 0.100
[1589957004.551][SEVERE]: Timed out receiving message from renderer: 0.100
[1589957004.652][SEVERE]: Timed out receiving message from renderer: 0.100
[1589957004.753][SEVERE]: Timed out receiving message from renderer: 0.100
[1589957004.855][SEVERE]: Timed out receiving message from renderer: 0.100
[1589957004.956][SEVERE]: Timed out receiving message from renderer: 0.100
[1589957005.057][SEVERE]: Timed out receiving message from renderer: 0.100
[1589957005.159][SEVERE]: Timed out receiving message from renderer: 0.100
[1589957005.260][SEVERE]: Timed out receiving message from renderer: 0.100
[1589957005.363][SEVERE]: Timed out receiving message from renderer: 0.100
[1589957005.465][SEVERE]: Timed out receiving message from renderer: 0.100
[1589957005.567][SEVERE]: Timed out receiving message from renderer: 0.100
[1589957005.783][SEVERE]: Timed out receiving message from renderer: 0.100
[1589957005.884][SEVERE]: Timed out receiving message from renderer: 0.100
]]></system-err>
  </testcase>
  <testcase name="testLoginSelenium" classname="com.enquero.webapp.driscolls.tests.TestLoginPage" time="4.443">
    <failure type="java.lang.NullPointerException">java.lang.NullPointerException
	at com.enquero.webapp.driscolls.tests.TestLoginPage.testLoginSelenium(TestLoginPage.java:92)
</failure>
    <system-out><![CDATA[2020-05-20 12:13:26 INFO  TestLoginPage:87 - main Selenium tc started
{"password":"123","username":"Swati"}
{"textToValidate":"Order Create Successfully"}
2020-05-20 12:13:30 INFO  TestLoginPage:91 - main Validation successfull for third tc
]]></system-out>
    <system-err><![CDATA[[1589957007.071][SEVERE]: Timed out receiving message from renderer: 0.100
[1589957007.173][SEVERE]: Timed out receiving message from renderer: 0.100
[1589957007.356][SEVERE]: Timed out receiving message from renderer: 0.100
[1589957007.460][SEVERE]: Timed out receiving message from renderer: 0.100
[1589957007.600][SEVERE]: Timed out receiving message from renderer: 0.100
[1589957007.801][SEVERE]: Timed out receiving message from renderer: 0.100
[1589957007.903][SEVERE]: Timed out receiving message from renderer: 0.100
[1589957008.083][SEVERE]: Timed out receiving message from renderer: 0.100
[1589957008.185][SEVERE]: Timed out receiving message from renderer: 0.100
[1589957008.286][SEVERE]: Timed out receiving message from renderer: 0.100
[1589957008.387][SEVERE]: Timed out receiving message from renderer: 0.100
[1589957008.489][SEVERE]: Timed out receiving message from renderer: 0.100
[1589957008.590][SEVERE]: Timed out receiving message from renderer: 0.100
[1589957008.691][SEVERE]: Timed out receiving message from renderer: 0.100
[1589957008.793][SEVERE]: Timed out receiving message from renderer: 0.100
[1589957008.894][SEVERE]: Timed out receiving message from renderer: 0.100
[1589957008.996][SEVERE]: Timed out receiving message from renderer: 0.100
[1589957009.098][SEVERE]: Timed out receiving message from renderer: 0.100
[1589957009.237][SEVERE]: Timed out receiving message from renderer: 0.100
[1589957009.337][SEVERE]: Timed out receiving message from renderer: 0.100
[1589957009.604][SEVERE]: Timed out receiving message from renderer: 0.100
[1589957009.706][SEVERE]: Timed out receiving message from renderer: 0.100
[1589957009.808][SEVERE]: Timed out receiving message from renderer: 0.100
[1589957009.909][SEVERE]: Timed out receiving message from renderer: 0.100
[1589957010.010][SEVERE]: Timed out receiving message from renderer: 0.100
[1589957010.112][SEVERE]: Timed out receiving message from renderer: 0.100
[1589957010.214][SEVERE]: Timed out receiving message from renderer: 0.100
[1589957010.315][SEVERE]: Timed out receiving message from renderer: 0.100
[1589957010.416][SEVERE]: Timed out receiving message from renderer: 0.100
]]></system-err>
  </testcase>
</testsuite>