<?xml version="1.0" encoding="UTF-8"?>
<testsuite xmlns:xsi="http://www.w3.org/2001/XMLSchema-instance" xsi:noNamespaceSchemaLocation="https://maven.apache.org/surefire/maven-surefire-plugin/xsd/surefire-test-report.xsd" name="TestSuite" time="22.201" tests="7" errors="0" skipped="2" failures="2">
  <properties>
[...]
</properties>
  <testcase name="getEmployeeDetails" classname="com.enquero.api.driscolls.tests.EmployeeTest" time="0">
    <skipped message="expected [success] but found [fail]"/>
    <system-out><![CDATA[***** Test Suite Regression API Test Suite started *******
***** Test Driscolls API App Test Cases started *******
Present Project Directory : C:\Users\VenkatRaoPulivendula\Desktop\Code\Code\TestAutomationFramework\TestExecutor
Directory already exists: C:\Users\VenkatRaoPulivendula\Desktop\Code\Code\TestAutomationFramework\reporter\src\main\java\com\enquero\Testlogs
logfilepath: C:\Users\VenkatRaoPulivendula\Desktop\Code\Code\TestAutomationFramework\reporter\src\main\java\com\enquero\Testlogs\log4j.properties
Testcase name is: DRISCOLLS API APP TEST CASES
entered into API log file...
2020-05-27 18:29:31 INFO  EmployeeTest:57 - main****************** Execution  Started ****************
Running Test Method: getEmployeeDetails
file path: C:\Users\VenkatRaoPulivendula\Desktop\Code\Code\TestAutomationFramework\TestExecutor\src\Reports\Extent_TestReport.html
Directory already exists: C:\Users\VenkatRaoPulivendula\Desktop\Code\Code\TestAutomationFramework\TestExecutor\src\Reports
extentTest: com.aventstack.extentreports.ExtentTest@7a05ce9a
{17=com.aventstack.extentreports.ExtentTest@7a05ce9a}
2020-05-27 18:29:32 INFO  EmployeeTest:66 - TestNG-test=Driscolls API App Test Cases-1 Get Employee tc started
Path is : /api/v1/employees
response is io.restassured.internal.RestAssuredResponseImpl@5ef7a309
res string io.restassured.internal.RestAssuredResponseImpl@5ef7a309
2020-05-27 18:29:35 INFO  EmployeeTest:71 - TestNG-test=Driscolls API App Test Cases-1 Get request is executed Successfully
Retrying test getEmployeeDetails with status FAILURE for the 1 time(s).
*** Test getEmployeeDetails skipped...
]]></system-out>
    <system-err><![CDATA[SLF4J: Failed to load class "org.slf4j.impl.StaticLoggerBinder".
SLF4J: Defaulting to no-operation (NOP) logger implementation
SLF4J: See http://www.slf4j.org/codes.html#StaticLoggerBinder for further details.
]]></system-err>
  </testcase>
  <testcase name="getEmployeeDetails" classname="com.enquero.api.driscolls.tests.EmployeeTest" time="3.707">
    <failure message="expected [success] but found [fail]" type="java.lang.AssertionError">java.lang.AssertionError: expected [success] but found [fail]
	at com.enquero.api.driscolls.tests.EmployeeTest.getEmployeeDetails(EmployeeTest.java:75)
</failure>
    <system-out><![CDATA[Running Test Method: getEmployeeDetails
extentTest: com.aventstack.extentreports.ExtentTest@50296c6b
{17=com.aventstack.extentreports.ExtentTest@50296c6b}
2020-05-27 18:29:37 INFO  EmployeeTest:66 - TestNG-test=Driscolls API App Test Cases-1 Get Employee tc started
Path is : /api/v1/employees
response is io.restassured.internal.RestAssuredResponseImpl@74715313
res string io.restassured.internal.RestAssuredResponseImpl@74715313
2020-05-27 18:29:37 INFO  EmployeeTest:71 - TestNG-test=Driscolls API App Test Cases-1 Get request is executed Successfully
I am in onTestFailure method getEmployeeDetails failed
The test: nullretried flag is: false
Test case name for bug creationgetEmployeeDetails
]]></system-out>
  </testcase>
  <testcase name="postEmployeeDetails" classname="com.enquero.api.driscolls.tests.EmployeeTest" time="1.006"/>
  <testcase name="getEmployeeIdDetails" classname="com.enquero.api.driscolls.tests.EmployeeTest" time="0">
    <skipped message="&apos;void org.hamcrest.Matcher.describeMismatch(java.lang.Object, org.hamcrest.Description)&apos;"/>
    <system-out><![CDATA[Running Test Method: getEmployeeIdDetails
extentTest: com.aventstack.extentreports.ExtentTest@6ba9e0a5
{17=com.aventstack.extentreports.ExtentTest@6ba9e0a5}
2020-05-27 18:29:41 INFO  EmployeeTest:127 - TestNG-test=Driscolls API App Test Cases-1 Get Employee Details based on ID search tc started
Path is : /api/v1/employee/1
Retrying test getEmployeeIdDetails with status FAILURE for the 1 time(s).
*** Test getEmployeeIdDetails skipped...
]]></system-out>
  </testcase>
  <testcase name="getEmployeeIdDetails" classname="com.enquero.api.driscolls.tests.EmployeeTest" time="2.542">
    <failure message="&apos;void org.hamcrest.Matcher.describeMismatch(java.lang.Object, org.hamcrest.Description)&apos;" type="java.lang.NoSuchMethodError">java.lang.NoSuchMethodError: 'void org.hamcrest.Matcher.describeMismatch(java.lang.Object, org.hamcrest.Description)'
	at com.enquero.api.driscolls.tests.EmployeeTest.getEmployeeIdDetails(EmployeeTest.java:130)
</failure>
    <system-out><![CDATA[Running Test Method: getEmployeeIdDetails
extentTest: com.aventstack.extentreports.ExtentTest@5a3cd1c6
{17=com.aventstack.extentreports.ExtentTest@5a3cd1c6}
2020-05-27 18:29:42 INFO  EmployeeTest:127 - TestNG-test=Driscolls API App Test Cases-1 Get Employee Details based on ID search tc started
Path is : /api/v1/employee/1
I am in onTestFailure method getEmployeeIdDetails failed
The test: nullretried flag is: false
Test case name for bug creationgetEmployeeIdDetails
]]></system-out>
  </testcase>
  <testcase name="updateEmployeeDetails" classname="com.enquero.api.driscolls.tests.EmployeeTest" time="0.902"/>
  <testcase name="deleteEmployeeRecord" classname="com.enquero.api.driscolls.tests.EmployeeTest" time="0.99"/>
</testsuite>